polybar|notice:  Parsing config file: /home/chris/.config/polybar/config.ini
polybar|notice:  Listening for IPC messages (PID: 2660)
polybar|notice:  Loading module 'i3' of type 'internal/i3'
polybar|notice:  Loading module 'mpd' of type 'internal/mpd'
polybar|notice:  Loading module 'pulseaudio' of type 'internal/pulseaudio'
polybar|notice:  pulseaudio: using default sink auto_null
polybar|notice:  Loading module 'xkblayout' of type 'custom/script'
polybar|notice:  Loading module 'date' of type 'internal/date'
polybar|notice:  Loaded 5 modules
polybar|notice:  Loaded font "IosevkaTermSS02 Nerd Font:size=20" (name=IosevkaTermSS02 Nerd Font, offset=5, file=/home/chris/.local/share/fonts/IosevkaTermSS02NerdFont-Regular.ttf)
polybar|notice:  Loaded font "IosevkaTermSS02 Nerd Font:size=24" (name=IosevkaTermSS02 Nerd Font, offset=6, file=/home/chris/.local/share/fonts/IosevkaTermSS02NerdFont-Regular.ttf)
polybar|warn:  Ignoring restack of i3 window (not needed when `override-redirect = false`)
polybar|notice:  pulseaudio: using default sink auto_null
polybar|notice:  pulseaudio: using default sink alsa_output.usb-RODE_Microphones_RODE_NT-USB-00.analog-stereo
polybar|notice:  pulseaudio: using default sink alsa_output.usb-RODE_Microphones_RODE_NT-USB-00.analog-stereo
polybar|notice:  pulseaudio: using default sink alsa_output.usb-RODE_Microphones_RODE_NT-USB-00.analog-stereo
polybar|notice:  pulseaudio: using default sink alsa_output.usb-RODE_Microphones_RODE_NT-USB-00.analog-stereo
polybar|notice:  pulseaudio: using default sink alsa_output.usb-RODE_Microphones_RODE_NT-USB-00.analog-stereo
polybar|notice:  pulseaudio: using default sink alsa_output.usb-RODE_Microphones_RODE_NT-USB-00.analog-stereo
polybar|notice:  pulseaudio: using default sink alsa_output.usb-RODE_Microphones_RODE_NT-USB-00.analog-stereo
polybar|notice:  pulseaudio: using default sink alsa_output.usb-RODE_Microphones_RODE_NT-USB-00.analog-stereo
polybar|notice:  pulseaudio: using default sink bluez_output.14_3F_A6_F0_4D_19.1
polybar|notice:  pulseaudio: using default sink bluez_output.14_3F_A6_F0_4D_19.1
polybar|notice:  pulseaudio: using default sink bluez_output.14_3F_A6_F0_4D_19.1
polybar|notice:  pulseaudio: using default sink bluez_output.14_3F_A6_F0_4D_19.1
polybar|notice:  pulseaudio: using default sink bluez_output.14_3F_A6_F0_4D_19.1
polybar|notice:  pulseaudio: using default sink bluez_output.14_3F_A6_F0_4D_19.1
polybar|warn:  module/i3: Attempting to reconnect socket (reason: Unexpected EOF while reading header)
polybar|error: module/i3: Failed to reconnect socket (reason: Failed to connect to i3 at '/run/user/1000/i3/ipc-socket.2603': errno 2 (No such file or directory))
polybar|error: libuv error while polling X connection: bad file descriptor
polybar|notice:  Termination signal received, shutting down...
polybar|notice:  Parsing config file: /home/chris/.config/polybar/config.ini
polybar|notice:  Listening for IPC messages (PID: 2559)
polybar|notice:  Loading module 'i3' of type 'internal/i3'
polybar|notice:  Loading module 'mpd' of type 'internal/mpd'
polybar|notice:  Loading module 'pulseaudio' of type 'internal/pulseaudio'
polybar|notice:  pulseaudio: using default sink auto_null
polybar|notice:  Loading module 'xkblayout' of type 'custom/script'
polybar|notice:  Loading module 'date' of type 'internal/date'
polybar|notice:  Loaded 5 modules
polybar|notice:  Loaded font "IosevkaTermSS02 Nerd Font:size=20" (name=IosevkaTermSS02 Nerd Font, offset=5, file=/home/chris/.local/share/fonts/IosevkaTermSS02NerdFont-Regular.ttf)
polybar|notice:  Loaded font "IosevkaTermSS02 Nerd Font:size=24" (name=IosevkaTermSS02 Nerd Font, offset=6, file=/home/chris/.local/share/fonts/IosevkaTermSS02NerdFont-Regular.ttf)
polybar|warn:  Ignoring restack of i3 window (not needed when `override-redirect = false`)
polybar|notice:  pulseaudio: using default sink auto_null
polybar|notice:  pulseaudio: using default sink alsa_output.usb-RODE_Microphones_RODE_NT-USB-00.analog-stereo
polybar|notice:  pulseaudio: using default sink alsa_output.usb-RODE_Microphones_RODE_NT-USB-00.analog-stereo
polybar|notice:  pulseaudio: using default sink alsa_output.usb-RODE_Microphones_RODE_NT-USB-00.analog-stereo
polybar|notice:  pulseaudio: using default sink alsa_output.usb-RODE_Microphones_RODE_NT-USB-00.analog-stereo
polybar|notice:  pulseaudio: using default sink alsa_output.usb-RODE_Microphones_RODE_NT-USB-00.analog-stereo
polybar|notice:  pulseaudio: using default sink alsa_output.usb-RODE_Microphones_RODE_NT-USB-00.analog-stereo
polybar|notice:  pulseaudio: using default sink alsa_output.usb-RODE_Microphones_RODE_NT-USB-00.analog-stereo
polybar|notice:  pulseaudio: using default sink alsa_output.usb-RODE_Microphones_RODE_NT-USB-00.analog-stereo
polybar|notice:  pulseaudio: using default sink alsa_output.usb-RODE_Microphones_RODE_NT-USB-00.analog-stereo
polybar|notice:  pulseaudio: using default sink alsa_output.usb-RODE_Microphones_RODE_NT-USB-00.analog-stereo
polybar|notice:  pulseaudio: using default sink alsa_output.usb-RODE_Microphones_RODE_NT-USB-00.analog-stereo
polybar|notice:  pulseaudio: using default sink alsa_output.usb-RODE_Microphones_RODE_NT-USB-00.analog-stereo
polybar|notice:  pulseaudio: using default sink alsa_output.usb-RODE_Microphones_RODE_NT-USB-00.analog-stereo
polybar|notice:  pulseaudio: using default sink bluez_output.14_3F_A6_F0_4D_19.1
polybar|notice:  pulseaudio: using default sink alsa_output.usb-RODE_Microphones_RODE_NT-USB-00.analog-stereo
polybar|notice:  pulseaudio: using default sink alsa_output.usb-RODE_Microphones_RODE_NT-USB-00.analog-stereo
polybar|notice:  pulseaudio: using default sink alsa_output.usb-RODE_Microphones_RODE_NT-USB-00.analog-stereo
polybar|notice:  pulseaudio: using default sink bluez_output.14_3F_A6_F0_4D_19.1
polybar|notice:  pulseaudio: using default sink bluez_output.14_3F_A6_F0_4D_19.1
polybar|notice:  pulseaudio: using default sink bluez_output.14_3F_A6_F0_4D_19.1
polybar|warn:  module/i3: Attempting to reconnect socket (reason: Unexpected EOF while reading header)
polybar|error: module/i3: Failed to reconnect socket (reason: Failed to connect to i3 at '/run/user/1000/i3/ipc-socket.2499': errno 2 (No such file or directory))
polybar|warn:  module/i3: Attempting to reconnect socket (reason: Failed to read header from socket 0x14: errno 22 (Invalid argument))
polybar|warn:  module/i3: Attempting to reconnect socket (reason: Unexpected EOF while reading header)
polybar|error: module/i3: Failed to reconnect socket (reason: Failed to connect to i3 at '/run/user/1000/i3/ipc-socket.2499': errno 2 (No such file or directory))
polybar|warn:  module/i3: Attempting to reconnect socket (reason: Failed to read header from socket 0x14: errno 22 (Invalid argument))
polybar|error: module/i3: Failed to reconnect socket (reason: Failed to connect to i3 at '/run/user/1000/i3/ipc-socket.2499': errno 2 (No such file or directory))
polybar|warn:  module/i3: Attempting to reconnect socket (reason: Failed to read header from socket 0x14: errno 22 (Invalid argument))
polybar|error: Failed to parse contents (reason: 3 unclosed action block(s))
polybar|error: Failed to parse contents (reason: 3 unclosed action block(s))
polybar|error: Failed to parse contents (reason: 3 unclosed action block(s))
polybar|error: Failed to parse contents (reason: 3 unclosed action block(s))
polybar|error: Failed to parse contents (reason: 3 unclosed action block(s))
polybar|error: Failed to parse contents (reason: 3 unclosed action block(s))
polybar|error: Failed to parse contents (reason: 3 unclosed action block(s))
polybar|error: Failed to parse contents (reason: 3 unclosed action block(s))
polybar|error: Failed to parse contents (reason: 3 unclosed action block(s))
polybar|error: Failed to parse contents (reason: 3 unclosed action block(s))
polybar|notice:  Received signal(15): Terminated
polybar|notice:  Termination signal received, shutting down...
polybar|warn:  module/i3: Attempting to reconnect socket (reason: Unexpected EOF while reading header)
polybar|notice:  Parsing config file: /home/chris/.config/polybar/config.ini
polybar|notice:  Listening for IPC messages (PID: 1124603)
polybar|notice:  Loading module 'i3' of type 'internal/i3'
polybar|notice:  Loading module 'mpd' of type 'internal/mpd'
polybar|notice:  Loading module 'pulseaudio' of type 'internal/pulseaudio'
polybar|notice:  pulseaudio: using default sink bluez_output.14_3F_A6_F0_4D_19.1
polybar|notice:  Loading module 'xkblayout' of type 'custom/script'
polybar|notice:  Loading module 'date' of type 'internal/date'
polybar|notice:  Loaded 5 modules
polybar|notice:  Loaded font "IosevkaTermSS02 Nerd Font:size=20" (name=IosevkaTermSS02 Nerd Font, offset=5, file=/home/chris/.local/share/fonts/IosevkaTermSS02NerdFont-Regular.ttf)
polybar|notice:  Loaded font "IosevkaTermSS02 Nerd Font:size=24" (name=IosevkaTermSS02 Nerd Font, offset=6, file=/home/chris/.local/share/fonts/IosevkaTermSS02NerdFont-Regular.ttf)
polybar|warn:  Ignoring restack of i3 window (not needed when `override-redirect = false`)
