polybar|notice:  Parsing config file: /home/chris/.config/polybar/config.ini
polybar|notice:  Listening for IPC messages (PID: 2663)
polybar|notice:  Loading module 'i3' of type 'internal/i3'
polybar|notice:  Loading module 'filesystem' of type 'custom/script'
polybar|notice:  Loading module 'cpu' of type 'internal/cpu'
polybar|notice:  Loading module 'memory' of type 'internal/memory'
polybar|notice:  Loaded 4 modules
polybar|notice:  Loaded font "IosevkaTermSS02 Nerd Font:size=20" (name=IosevkaTermSS02 Nerd Font, offset=5, file=/home/chris/.local/share/fonts/IosevkaTermSS02NerdFont-Regular.ttf)
polybar|notice:  Loaded font "IosevkaTermSS02 Nerd Font:size=24" (name=IosevkaTermSS02 Nerd Font, offset=6, file=/home/chris/.local/share/fonts/IosevkaTermSS02NerdFont-Regular.ttf)
polybar|warn:  Ignoring restack of i3 window (not needed when `override-redirect = false`)
polybar|warn:  module/i3: Attempting to reconnect socket (reason: Unexpected EOF while reading header)
polybar|error: module/i3: Failed to reconnect socket (reason: Failed to connect to i3 at '/run/user/1000/i3/ipc-socket.2603': errno 2 (No such file or directory))
polybar|error: libuv error while polling X connection: bad file descriptor
polybar|notice:  Termination signal received, shutting down...
polybar|notice:  Parsing config file: /home/chris/.config/polybar/config.ini
polybar|notice:  Listening for IPC messages (PID: 2556)
polybar|notice:  Loading module 'i3' of type 'internal/i3'
polybar|notice:  Loading module 'filesystem' of type 'custom/script'
polybar|notice:  Loading module 'cpu' of type 'internal/cpu'
polybar|notice:  Loading module 'memory' of type 'internal/memory'
polybar|notice:  Loaded 4 modules
polybar|notice:  Loaded font "IosevkaTermSS02 Nerd Font:size=20" (name=IosevkaTermSS02 Nerd Font, offset=5, file=/home/chris/.local/share/fonts/IosevkaTermSS02NerdFont-Regular.ttf)
polybar|notice:  Loaded font "IosevkaTermSS02 Nerd Font:size=24" (name=IosevkaTermSS02 Nerd Font, offset=6, file=/home/chris/.local/share/fonts/IosevkaTermSS02NerdFont-Regular.ttf)
polybar|warn:  Ignoring restack of i3 window (not needed when `override-redirect = false`)
polybar|warn:  module/i3: Attempting to reconnect socket (reason: Unexpected EOF while reading header)
polybar|error: module/i3: Failed to reconnect socket (reason: Failed to connect to i3 at '/run/user/1000/i3/ipc-socket.2499': errno 2 (No such file or directory))
polybar|warn:  module/i3: Attempting to reconnect socket (reason: Failed to read header from socket 0xf: errno 22 (Invalid argument))
polybar|warn:  module/i3: Attempting to reconnect socket (reason: Unexpected EOF while reading header)
polybar|error: module/i3: Failed to reconnect socket (reason: Failed to connect to i3 at '/run/user/1000/i3/ipc-socket.2499': errno 2 (No such file or directory))
polybar|warn:  module/i3: Attempting to reconnect socket (reason: Failed to read header from socket 0xf: errno 22 (Invalid argument))
polybar|error: module/i3: Failed to reconnect socket (reason: Failed to connect to i3 at '/run/user/1000/i3/ipc-socket.2499': errno 2 (No such file or directory))
polybar|warn:  module/i3: Attempting to reconnect socket (reason: Failed to read header from socket 0xf: errno 22 (Invalid argument))
polybar|notice:  Received signal(15): Terminated
polybar|notice:  Termination signal received, shutting down...
polybar|warn:  module/i3: Attempting to reconnect socket (reason: Unexpected EOF while reading header)
polybar|notice:  Parsing config file: /home/chris/.config/polybar/config.ini
polybar|notice:  Listening for IPC messages (PID: 1126172)
polybar|notice:  Loading module 'i3' of type 'internal/i3'
polybar|notice:  Loading module 'sysmon' of type 'custom/script'
polybar|notice:  Loaded 2 modules
polybar|notice:  Loaded font "IosevkaTermSS02 Nerd Font:size=20" (name=IosevkaTermSS02 Nerd Font, offset=5, file=/home/chris/.local/share/fonts/IosevkaTermSS02NerdFont-Regular.ttf)
polybar|notice:  Loaded font "IosevkaTermSS02 Nerd Font:size=24" (name=IosevkaTermSS02 Nerd Font, offset=6, file=/home/chris/.local/share/fonts/IosevkaTermSS02NerdFont-Regular.ttf)
polybar|warn:  Ignoring restack of i3 window (not needed when `override-redirect = false`)
